app/build/intermediates/manifest_merge_blame_file/release/processReleaseMainManifest/manifest-merger-blame-release-report.txt
1<?xml version="1.0" encoding="utf-8"?>
2<manifest xmlns:android="http://schemas.android.com/apk/res/android"
3    package="com.webviewapp"
4    android:versionCode="1"
5    android:versionName="1.0.0" >
6
7    <uses-sdk
8        android:minSdkVersion="24"
9        android:targetSdkVersion="35" />
10
11    <!-- ── Permissions ─────────────────────────────────────────── -->
12    <uses-permission android:name="android.permission.INTERNET" />
12-->src\main\AndroidManifest.xml:7:5-67
12-->src\main\AndroidManifest.xml:7:22-64
13    <uses-permission android:name="android.permission.ACCESS_NETWORK_STATE" />
13-->src\main\AndroidManifest.xml:8:5-79
13-->src\main\AndroidManifest.xml:8:22-76
14    <uses-permission android:name="android.permission.CAMERA" />
14-->src\main\AndroidManifest.xml:9:5-65
14-->src\main\AndroidManifest.xml:9:22-62
15    <uses-permission android:name="android.permission.READ_MEDIA_IMAGES" />
15-->src\main\AndroidManifest.xml:10:5-76
15-->src\main\AndroidManifest.xml:10:22-73
16    <uses-permission android:name="android.permission.READ_MEDIA_VIDEO" />
16-->src\main\AndroidManifest.xml:11:5-75
16-->src\main\AndroidManifest.xml:11:22-72
17    <!-- Legacy storage for Android < 10 -->
18    <uses-permission
18-->src\main\AndroidManifest.xml:13:5-14:38
19        android:name="android.permission.READ_EXTERNAL_STORAGE"
19-->src\main\AndroidManifest.xml:13:22-77
20        android:maxSdkVersion="32" />
20-->src\main\AndroidManifest.xml:14:9-35
21    <uses-permission
21-->src\main\AndroidManifest.xml:15:5-16:38
22        android:name="android.permission.WRITE_EXTERNAL_STORAGE"
22-->src\main\AndroidManifest.xml:15:22-78
23        android:maxSdkVersion="29" />
23-->src\main\AndroidManifest.xml:16:9-35
24    <!-- FCM notifications (Android 13+) -->
25    <uses-permission android:name="android.permission.POST_NOTIFICATIONS" />
25-->src\main\AndroidManifest.xml:18:5-77
25-->src\main\AndroidManifest.xml:18:22-74
26    <!-- Vibrate for FCM -->
27    <uses-permission android:name="android.permission.VIBRATE" />
27-->src\main\AndroidManifest.xml:20:5-66
27-->src\main\AndroidManifest.xml:20:22-63
28    <uses-permission android:name="android.permission.WAKE_LOCK" /> <!-- Required by older versions of Google Play services to create IID tokens -->
28-->[com.google.firebase:firebase-messaging:25.0.1] AndroidManifest.xml:24:5-68
28-->[com.google.firebase:firebase-messaging:25.0.1] AndroidManifest.xml:24:22-65
29    <uses-permission android:name="com.google.android.c2dm.permission.RECEIVE" />
29-->[com.google.firebase:firebase-messaging:25.0.1] AndroidManifest.xml:26:5-82
29-->[com.google.firebase:firebase-messaging:25.0.1] AndroidManifest.xml:26:22-79
30    <uses-permission android:name="com.google.android.gms.permission.AD_ID" />
30-->[com.google.android.gms:play-services-measurement-api:23.2.0] AndroidManifest.xml:25:5-79
30-->[com.google.android.gms:play-services-measurement-api:23.2.0] AndroidManifest.xml:25:22-76
31    <uses-permission android:name="android.permission.ACCESS_ADSERVICES_ATTRIBUTION" />
31-->[com.google.android.gms:play-services-measurement-api:23.2.0] AndroidManifest.xml:26:5-88
31-->[com.google.android.gms:play-services-measurement-api:23.2.0] AndroidManifest.xml:26:22-85
32    <uses-permission android:name="android.permission.ACCESS_ADSERVICES_AD_ID" />
32-->[com.google.android.gms:play-services-measurement-api:23.2.0] AndroidManifest.xml:27:5-82
32-->[com.google.android.gms:play-services-measurement-api:23.2.0] AndroidManifest.xml:27:22-79
33    <uses-permission android:name="android.permission.ACCESS_ADSERVICES_TOPICS" /> <!-- Android package visibility setting -->
33-->[com.google.android.gms:play-services-ads-lite:23.5.0] AndroidManifest.xml:29:5-83
33-->[com.google.android.gms:play-services-ads-lite:23.5.0] AndroidManifest.xml:29:22-80
34    <queries>
34-->[com.google.android.gms:play-services-ads-lite:23.5.0] AndroidManifest.xml:35:5-68:15
35
36        <!-- For browser content -->
37        <intent>
37-->[com.google.android.gms:play-services-ads-lite:23.5.0] AndroidManifest.xml:38:9-44:18
38            <action android:name="android.intent.action.VIEW" />
38-->[com.google.android.gms:play-services-ads-lite:23.5.0] AndroidManifest.xml:39:13-65
38-->[com.google.android.gms:play-services-ads-lite:23.5.0] AndroidManifest.xml:39:21-62
39
40            <category android:name="android.intent.category.BROWSABLE" />
40-->[com.google.android.gms:play-services-ads-lite:23.5.0] AndroidManifest.xml:41:13-74
40-->[com.google.android.gms:play-services-ads-lite:23.5.0] AndroidManifest.xml:41:23-71
41
42            <data android:scheme="https" />
42-->[com.google.android.gms:play-services-ads-lite:23.5.0] AndroidManifest.xml:43:13-44
42-->[com.google.android.gms:play-services-ads-lite:23.5.0] AndroidManifest.xml:43:19-41
43        </intent>
44        <!-- End of browser content -->
45        <!-- For CustomTabsService -->
46        <intent>
46-->[com.google.android.gms:play-services-ads-lite:23.5.0] AndroidManifest.xml:47:9-49:18
47            <action android:name="android.support.customtabs.action.CustomTabsService" />
47-->[com.google.android.gms:play-services-ads-lite:23.5.0] AndroidManifest.xml:48:13-90
47-->[com.google.android.gms:play-services-ads-lite:23.5.0] AndroidManifest.xml:48:21-87
48        </intent>
49        <!-- End of CustomTabsService -->
50        <!-- For MRAID capabilities -->
51        <intent>
51-->[com.google.android.gms:play-services-ads-lite:23.5.0] AndroidManifest.xml:52:9-56:18
52            <action android:name="android.intent.action.INSERT" />
52-->[com.google.android.gms:play-services-ads-lite:23.5.0] AndroidManifest.xml:53:13-67
52-->[com.google.android.gms:play-services-ads-lite:23.5.0] AndroidManifest.xml:53:21-64
53
54            <data android:mimeType="vnd.android.cursor.dir/event" />
54-->[com.google.android.gms:play-services-ads-lite:23.5.0] AndroidManifest.xml:43:13-44
55        </intent>
56        <intent>
56-->[com.google.android.gms:play-services-ads-lite:23.5.0] AndroidManifest.xml:57:9-61:18
57            <action android:name="android.intent.action.VIEW" />
57-->[com.google.android.gms:play-services-ads-lite:23.5.0] AndroidManifest.xml:39:13-65
57-->[com.google.android.gms:play-services-ads-lite:23.5.0] AndroidManifest.xml:39:21-62
58
59            <data android:scheme="sms" />
59-->[com.google.android.gms:play-services-ads-lite:23.5.0] AndroidManifest.xml:43:13-44
59-->[com.google.android.gms:play-services-ads-lite:23.5.0] AndroidManifest.xml:43:19-41
60        </intent>
61        <intent>
61-->[com.google.android.gms:play-services-ads-lite:23.5.0] AndroidManifest.xml:62:9-66:18
62            <action android:name="android.intent.action.DIAL" />
62-->[com.google.android.gms:play-services-ads-lite:23.5.0] AndroidManifest.xml:63:13-65
62-->[com.google.android.gms:play-services-ads-lite:23.5.0] AndroidManifest.xml:63:21-62
63
64            <data android:path="tel:" />
64-->[com.google.android.gms:play-services-ads-lite:23.5.0] AndroidManifest.xml:43:13-44
65        </intent>
66        <!-- End of MRAID capabilities -->
67    </queries>
68
69    <uses-permission android:name="com.google.android.finsky.permission.BIND_GET_INSTALL_REFERRER_SERVICE" />
69-->[com.google.android.gms:play-services-measurement:23.2.0] AndroidManifest.xml:26:5-110
69-->[com.google.android.gms:play-services-measurement:23.2.0] AndroidManifest.xml:26:22-107
70    <uses-permission android:name="android.permission.FOREGROUND_SERVICE" />
70-->[androidx.work:work-runtime:2.7.0] AndroidManifest.xml:28:5-77
70-->[androidx.work:work-runtime:2.7.0] AndroidManifest.xml:28:22-74
71
72    <permission
72-->[androidx.core:core:1.13.0] AndroidManifest.xml:22:5-24:47
73        android:name="com.webviewapp.DYNAMIC_RECEIVER_NOT_EXPORTED_PERMISSION"
73-->[androidx.core:core:1.13.0] AndroidManifest.xml:23:9-81
74        android:protectionLevel="signature" />
74-->[androidx.core:core:1.13.0] AndroidManifest.xml:24:9-44
75
76    <uses-permission android:name="com.webviewapp.DYNAMIC_RECEIVER_NOT_EXPORTED_PERMISSION" />
76-->[androidx.core:core:1.13.0] AndroidManifest.xml:26:5-97
76-->[androidx.core:core:1.13.0] AndroidManifest.xml:26:22-94
77
78    <application
78-->src\main\AndroidManifest.xml:22:5-86:19
79        android:allowBackup="true"
79-->src\main\AndroidManifest.xml:23:9-35
80        android:appComponentFactory="androidx.core.app.CoreComponentFactory"
80-->[androidx.core:core:1.13.0] AndroidManifest.xml:28:18-86
81        android:dataExtractionRules="@xml/data_extraction_rules"
81-->src\main\AndroidManifest.xml:24:9-65
82        android:extractNativeLibs="false"
83        android:fullBackupContent="@xml/backup_rules"
83-->src\main\AndroidManifest.xml:25:9-54
84        android:icon="@mipmap/ic_launcher"
84-->src\main\AndroidManifest.xml:26:9-43
85        android:label="@string/app_name"
85-->src\main\AndroidManifest.xml:27:9-41
86        android:roundIcon="@mipmap/ic_launcher_round"
86-->src\main\AndroidManifest.xml:28:9-54
87        android:supportsRtl="true"
87-->src\main\AndroidManifest.xml:29:9-35
88        android:theme="@style/Theme.WebViewApp"
88-->src\main\AndroidManifest.xml:30:9-48
89        android:usesCleartextTraffic="true" >
89-->src\main\AndroidManifest.xml:31:9-44
90        <property
90-->src\main\AndroidManifest.xml:34:9-37:48
91            android:name="android.adservices.AD_SERVICES_CONFIG"
91-->src\main\AndroidManifest.xml:35:13-65
92            android:resource="@xml/gma_ad_services_config" />
92-->src\main\AndroidManifest.xml:36:13-59
93
94        <!-- ── Splash (entry point) ──────────────────────────── -->
95        <activity
95-->src\main\AndroidManifest.xml:40:9-50:20
96            android:name="com.webviewapp.SplashActivity"
96-->src\main\AndroidManifest.xml:41:13-43
97            android:exported="true"
97-->src\main\AndroidManifest.xml:42:13-36
98            android:hardwareAccelerated="true"
98-->src\main\AndroidManifest.xml:44:13-47
99            android:screenOrientation="portrait"
99-->src\main\AndroidManifest.xml:45:13-49
100            android:theme="@style/Theme.WebViewApp.Splash" >
100-->src\main\AndroidManifest.xml:43:13-59
101            <intent-filter>
101-->src\main\AndroidManifest.xml:46:13-49:29
102                <action android:name="android.intent.action.MAIN" />
102-->src\main\AndroidManifest.xml:47:17-69
102-->src\main\AndroidManifest.xml:47:25-66
103
104                <category android:name="android.intent.category.LAUNCHER" />
104-->src\main\AndroidManifest.xml:48:17-77
104-->src\main\AndroidManifest.xml:48:27-74
105            </intent-filter>
106        </activity>
107
108        <!-- ── Main WebView Activity ─────────────────────────── -->
109        <activity
109-->src\main\AndroidManifest.xml:53:9-59:58
110            android:name="com.webviewapp.MainActivity"
110-->src\main\AndroidManifest.xml:54:13-41
111            android:configChanges="orientation|screenSize|keyboardHidden"
111-->src\main\AndroidManifest.xml:57:13-74
112            android:exported="false"
112-->src\main\AndroidManifest.xml:55:13-37
113            android:hardwareAccelerated="true"
113-->src\main\AndroidManifest.xml:58:13-47
114            android:screenOrientation="portrait"
114-->src\main\AndroidManifest.xml:56:13-49
115            android:windowSoftInputMode="adjustResize" />
115-->src\main\AndroidManifest.xml:59:13-55
116
117        <!-- ── Firebase Cloud Messaging ─────────────────────── -->
118        <service
118-->src\main\AndroidManifest.xml:62:9-68:19
119            android:name="com.webviewapp.MyFirebaseMessagingService"
119-->src\main\AndroidManifest.xml:63:13-55
120            android:exported="false" >
120-->src\main\AndroidManifest.xml:64:13-37
121            <intent-filter>
121-->src\main\AndroidManifest.xml:65:13-67:29
122                <action android:name="com.google.firebase.MESSAGING_EVENT" />
122-->src\main\AndroidManifest.xml:66:17-78
122-->src\main\AndroidManifest.xml:66:25-75
123            </intent-filter>
124        </service>
125
126        <!-- Default FCM notification icon & color -->
127        <meta-data
127-->src\main\AndroidManifest.xml:71:9-73:60
128            android:name="com.google.firebase.messaging.default_notification_icon"
128-->src\main\AndroidManifest.xml:72:13-83
129            android:resource="@drawable/ic_notification" />
129-->src\main\AndroidManifest.xml:73:13-57
130        <meta-data
130-->src\main\AndroidManifest.xml:74:9-76:54
131            android:name="com.google.firebase.messaging.default_notification_color"
131-->src\main\AndroidManifest.xml:75:13-84
132            android:resource="@color/colorPrimary" />
132-->src\main\AndroidManifest.xml:76:13-51
133        <meta-data
133-->src\main\AndroidManifest.xml:77:9-79:50
134            android:name="com.google.firebase.messaging.default_notification_channel_id"
134-->src\main\AndroidManifest.xml:78:13-89
135            android:value="webviewapp_channel" />
135-->src\main\AndroidManifest.xml:79:13-47
136
137        <!-- AdMob App ID — REPLACE with yours from AdMob console -->
138        <meta-data
138-->src\main\AndroidManifest.xml:82:9-84:70
139            android:name="com.google.android.gms.ads.APPLICATION_ID"
139-->src\main\AndroidManifest.xml:83:13-69
140            android:value="ca-app-pub-3940256099942544~3347511713" />
140-->src\main\AndroidManifest.xml:84:13-67
141
142        <receiver
142-->[com.google.firebase:firebase-messaging:25.0.1] AndroidManifest.xml:29:9-40:20
143            android:name="com.google.firebase.iid.FirebaseInstanceIdReceiver"
143-->[com.google.firebase:firebase-messaging:25.0.1] AndroidManifest.xml:30:13-78
144            android:exported="true"
144-->[com.google.firebase:firebase-messaging:25.0.1] AndroidManifest.xml:31:13-36
145            android:permission="com.google.android.c2dm.permission.SEND" >
145-->[com.google.firebase:firebase-messaging:25.0.1] AndroidManifest.xml:32:13-73
146            <intent-filter>
146-->[com.google.firebase:firebase-messaging:25.0.1] AndroidManifest.xml:33:13-35:29
147                <action android:name="com.google.android.c2dm.intent.RECEIVE" />
147-->[com.google.firebase:firebase-messaging:25.0.1] AndroidManifest.xml:34:17-81
147-->[com.google.firebase:firebase-messaging:25.0.1] AndroidManifest.xml:34:25-78
148            </intent-filter>
149
150            <meta-data
150-->[com.google.firebase:firebase-messaging:25.0.1] AndroidManifest.xml:37:13-39:40
151                android:name="com.google.android.gms.cloudmessaging.FINISHED_AFTER_HANDLED"
151-->[com.google.firebase:firebase-messaging:25.0.1] AndroidManifest.xml:38:17-92
152                android:value="true" />
152-->[com.google.firebase:firebase-messaging:25.0.1] AndroidManifest.xml:39:17-37
153        </receiver>
154        <!--
155             FirebaseMessagingService performs security checks at runtime,
156             but set to not exported to explicitly avoid allowing another app to call it.
157        -->
158        <service
158-->[com.google.firebase:firebase-messaging:25.0.1] AndroidManifest.xml:46:9-53:19
159            android:name="com.google.firebase.messaging.FirebaseMessagingService"
159-->[com.google.firebase:firebase-messaging:25.0.1] AndroidManifest.xml:47:13-82
160            android:directBootAware="true"
160-->[com.google.firebase:firebase-messaging:25.0.1] AndroidManifest.xml:48:13-43
161            android:exported="false" >
161-->[com.google.firebase:firebase-messaging:25.0.1] AndroidManifest.xml:49:13-37
162            <intent-filter android:priority="-500" >
162-->src\main\AndroidManifest.xml:65:13-67:29
163                <action android:name="com.google.firebase.MESSAGING_EVENT" />
163-->src\main\AndroidManifest.xml:66:17-78
163-->src\main\AndroidManifest.xml:66:25-75
164            </intent-filter>
165        </service>
166        <service
166-->[com.google.firebase:firebase-messaging:25.0.1] AndroidManifest.xml:54:9-63:19
167            android:name="com.google.firebase.components.ComponentDiscoveryService"
167-->[com.google.firebase:firebase-messaging:25.0.1] AndroidManifest.xml:55:13-84
168            android:directBootAware="true"
168-->[com.google.firebase:firebase-common:22.0.1] AndroidManifest.xml:32:13-43
169            android:exported="false" >
169-->[com.google.firebase:firebase-messaging:25.0.1] AndroidManifest.xml:56:13-37
170            <meta-data
170-->[com.google.firebase:firebase-messaging:25.0.1] AndroidManifest.xml:57:13-59:85
171                android:name="com.google.firebase.components:com.google.firebase.messaging.FirebaseMessagingKtxRegistrar"
171-->[com.google.firebase:firebase-messaging:25.0.1] AndroidManifest.xml:58:17-122
172                android:value="com.google.firebase.components.ComponentRegistrar" />
172-->[com.google.firebase:firebase-messaging:25.0.1] AndroidManifest.xml:59:17-82
173            <meta-data
173-->[com.google.firebase:firebase-messaging:25.0.1] AndroidManifest.xml:60:13-62:85
174                android:name="com.google.firebase.components:com.google.firebase.messaging.FirebaseMessagingRegistrar"
174-->[com.google.firebase:firebase-messaging:25.0.1] AndroidManifest.xml:61:17-119
175                android:value="com.google.firebase.components.ComponentRegistrar" />
175-->[com.google.firebase:firebase-messaging:25.0.1] AndroidManifest.xml:62:17-82
176            <meta-data
176-->[com.google.android.gms:play-services-measurement-api:23.2.0] AndroidManifest.xml:33:13-35:85
177                android:name="com.google.firebase.components:com.google.firebase.analytics.connector.internal.AnalyticsConnectorRegistrar"
177-->[com.google.android.gms:play-services-measurement-api:23.2.0] AndroidManifest.xml:34:17-139
178                android:value="com.google.firebase.components.ComponentRegistrar" />
178-->[com.google.android.gms:play-services-measurement-api:23.2.0] AndroidManifest.xml:35:17-82
179            <meta-data
179-->[com.google.firebase:firebase-installations:19.1.0] AndroidManifest.xml:15:13-17:85
180                android:name="com.google.firebase.components:com.google.firebase.installations.FirebaseInstallationsKtxRegistrar"
180-->[com.google.firebase:firebase-installations:19.1.0] AndroidManifest.xml:16:17-130
181                android:value="com.google.firebase.components.ComponentRegistrar" />
181-->[com.google.firebase:firebase-installations:19.1.0] AndroidManifest.xml:17:17-82
182            <meta-data
182-->[com.google.firebase:firebase-installations:19.1.0] AndroidManifest.xml:18:13-20:85
183                android:name="com.google.firebase.components:com.google.firebase.installations.FirebaseInstallationsRegistrar"
183-->[com.google.firebase:firebase-installations:19.1.0] AndroidManifest.xml:19:17-127
184                android:value="com.google.firebase.components.ComponentRegistrar" />
184-->[com.google.firebase:firebase-installations:19.1.0] AndroidManifest.xml:20:17-82
185            <meta-data
185-->[com.google.firebase:firebase-common:22.0.1] AndroidManifest.xml:35:13-37:85
186                android:name="com.google.firebase.components:com.google.firebase.FirebaseCommonKtxRegistrar"
186-->[com.google.firebase:firebase-common:22.0.1] AndroidManifest.xml:36:17-109
187                android:value="com.google.firebase.components.ComponentRegistrar" />
187-->[com.google.firebase:firebase-common:22.0.1] AndroidManifest.xml:37:17-82
188            <meta-data
188-->[com.google.firebase:firebase-datatransport:18.2.0] AndroidManifest.xml:25:13-27:85
189                android:name="com.google.firebase.components:com.google.firebase.datatransport.TransportRegistrar"
189-->[com.google.firebase:firebase-datatransport:18.2.0] AndroidManifest.xml:26:17-115
190                android:value="com.google.firebase.components.ComponentRegistrar" />
190-->[com.google.firebase:firebase-datatransport:18.2.0] AndroidManifest.xml:27:17-82
191        </service>
192
193        <provider
193-->[com.google.firebase:firebase-common:22.0.1] AndroidManifest.xml:23:9-28:39
194            android:name="com.google.firebase.provider.FirebaseInitProvider"
194-->[com.google.firebase:firebase-common:22.0.1] AndroidManifest.xml:24:13-77
195            android:authorities="com.webviewapp.firebaseinitprovider"
195-->[com.google.firebase:firebase-common:22.0.1] AndroidManifest.xml:25:13-72
196            android:directBootAware="true"
196-->[com.google.firebase:firebase-common:22.0.1] AndroidManifest.xml:26:13-43
197            android:exported="false"
197-->[com.google.firebase:firebase-common:22.0.1] AndroidManifest.xml:27:13-37
198            android:initOrder="100" />
198-->[com.google.firebase:firebase-common:22.0.1] AndroidManifest.xml:28:13-36
199
200        <service
200-->[com.google.android.datatransport:transport-backend-cct:3.1.9] AndroidManifest.xml:28:9-34:19
201            android:name="com.google.android.datatransport.runtime.backends.TransportBackendDiscovery"
201-->[com.google.android.datatransport:transport-backend-cct:3.1.9] AndroidManifest.xml:29:13-103
202            android:exported="false" >
202-->[com.google.android.datatransport:transport-backend-cct:3.1.9] AndroidManifest.xml:30:13-37
203            <meta-data
203-->[com.google.android.datatransport:transport-backend-cct:3.1.9] AndroidManifest.xml:31:13-33:39
204                android:name="backend:com.google.android.datatransport.cct.CctBackendFactory"
204-->[com.google.android.datatransport:transport-backend-cct:3.1.9] AndroidManifest.xml:32:17-94
205                android:value="cct" />
205-->[com.google.android.datatransport:transport-backend-cct:3.1.9] AndroidManifest.xml:33:17-36
206        </service>
207        <service
207-->[com.google.android.datatransport:transport-runtime:3.1.9] AndroidManifest.xml:26:9-30:19
208            android:name="com.google.android.datatransport.runtime.scheduling.jobscheduling.JobInfoSchedulerService"
208-->[com.google.android.datatransport:transport-runtime:3.1.9] AndroidManifest.xml:27:13-117
209            android:exported="false"
209-->[com.google.android.datatransport:transport-runtime:3.1.9] AndroidManifest.xml:28:13-37
210            android:permission="android.permission.BIND_JOB_SERVICE" >
210-->[com.google.android.datatransport:transport-runtime:3.1.9] AndroidManifest.xml:29:13-69
211        </service>
212
213        <receiver
213-->[com.google.android.datatransport:transport-runtime:3.1.9] AndroidManifest.xml:32:9-34:40
214            android:name="com.google.android.datatransport.runtime.scheduling.jobscheduling.AlarmManagerSchedulerBroadcastReceiver"
214-->[com.google.android.datatransport:transport-runtime:3.1.9] AndroidManifest.xml:33:13-132
215            android:exported="false" /> <!-- Include the AdActivity and InAppPurchaseActivity configChanges and themes. -->
215-->[com.google.android.datatransport:transport-runtime:3.1.9] AndroidManifest.xml:34:13-37
216        <activity
216-->[com.google.android.gms:play-services-ads-lite:23.5.0] AndroidManifest.xml:73:9-78:43
217            android:name="com.google.android.gms.ads.AdActivity"
217-->[com.google.android.gms:play-services-ads-lite:23.5.0] AndroidManifest.xml:74:13-65
218            android:configChanges="keyboard|keyboardHidden|orientation|screenLayout|uiMode|screenSize|smallestScreenSize"
218-->[com.google.android.gms:play-services-ads-lite:23.5.0] AndroidManifest.xml:75:13-122
219            android:exported="false"
219-->[com.google.android.gms:play-services-ads-lite:23.5.0] AndroidManifest.xml:76:13-37
220            android:theme="@android:style/Theme.Translucent" />
220-->[com.google.android.gms:play-services-ads-lite:23.5.0] AndroidManifest.xml:77:13-61
221
222        <provider
222-->[com.google.android.gms:play-services-ads-lite:23.5.0] AndroidManifest.xml:80:9-85:43
223            android:name="com.google.android.gms.ads.MobileAdsInitProvider"
223-->[com.google.android.gms:play-services-ads-lite:23.5.0] AndroidManifest.xml:81:13-76
224            android:authorities="com.webviewapp.mobileadsinitprovider"
224-->[com.google.android.gms:play-services-ads-lite:23.5.0] AndroidManifest.xml:82:13-73
225            android:exported="false"
225-->[com.google.android.gms:play-services-ads-lite:23.5.0] AndroidManifest.xml:83:13-37
226            android:initOrder="100" />
226-->[com.google.android.gms:play-services-ads-lite:23.5.0] AndroidManifest.xml:84:13-36
227
228        <service
228-->[com.google.android.gms:play-services-ads-lite:23.5.0] AndroidManifest.xml:87:9-91:43
229            android:name="com.google.android.gms.ads.AdService"
229-->[com.google.android.gms:play-services-ads-lite:23.5.0] AndroidManifest.xml:88:13-64
230            android:enabled="true"
230-->[com.google.android.gms:play-services-ads-lite:23.5.0] AndroidManifest.xml:89:13-35
231            android:exported="false" />
231-->[com.google.android.gms:play-services-ads-lite:23.5.0] AndroidManifest.xml:90:13-37
232
233        <activity
233-->[com.google.android.gms:play-services-ads-lite:23.5.0] AndroidManifest.xml:93:9-97:43
234            android:name="com.google.android.gms.ads.OutOfContextTestingActivity"
234-->[com.google.android.gms:play-services-ads-lite:23.5.0] AndroidManifest.xml:94:13-82
235            android:configChanges="keyboard|keyboardHidden|orientation|screenLayout|uiMode|screenSize|smallestScreenSize"
235-->[com.google.android.gms:play-services-ads-lite:23.5.0] AndroidManifest.xml:95:13-122
236            android:exported="false" />
236-->[com.google.android.gms:play-services-ads-lite:23.5.0] AndroidManifest.xml:96:13-37
237        <activity
237-->[com.google.android.gms:play-services-ads-lite:23.5.0] AndroidManifest.xml:98:9-105:43
238            android:name="com.google.android.gms.ads.NotificationHandlerActivity"
238-->[com.google.android.gms:play-services-ads-lite:23.5.0] AndroidManifest.xml:99:13-82
239            android:excludeFromRecents="true"
239-->[com.google.android.gms:play-services-ads-lite:23.5.0] AndroidManifest.xml:100:13-46
240            android:exported="false"
240-->[com.google.android.gms:play-services-ads-lite:23.5.0] AndroidManifest.xml:101:13-37
241            android:launchMode="singleTask"
241-->[com.google.android.gms:play-services-ads-lite:23.5.0] AndroidManifest.xml:102:13-44
242            android:taskAffinity=""
242-->[com.google.android.gms:play-services-ads-lite:23.5.0] AndroidManifest.xml:103:13-36
243            android:theme="@android:style/Theme.Translucent.NoTitleBar" />
243-->[com.google.android.gms:play-services-ads-lite:23.5.0] AndroidManifest.xml:104:13-72
244
245        <receiver
245-->[com.google.android.gms:play-services-measurement:23.2.0] AndroidManifest.xml:29:9-33:20
246            android:name="com.google.android.gms.measurement.AppMeasurementReceiver"
246-->[com.google.android.gms:play-services-measurement:23.2.0] AndroidManifest.xml:30:13-85
247            android:enabled="true"
247-->[com.google.android.gms:play-services-measurement:23.2.0] AndroidManifest.xml:31:13-35
248            android:exported="false" >
248-->[com.google.android.gms:play-services-measurement:23.2.0] AndroidManifest.xml:32:13-37
249        </receiver>
250
251        <service
251-->[com.google.android.gms:play-services-measurement:23.2.0] AndroidManifest.xml:35:9-38:40
252            android:name="com.google.android.gms.measurement.AppMeasurementService"
252-->[com.google.android.gms:play-services-measurement:23.2.0] AndroidManifest.xml:36:13-84
253            android:enabled="true"
253-->[com.google.android.gms:play-services-measurement:23.2.0] AndroidManifest.xml:37:13-35
254            android:exported="false" />
254-->[com.google.android.gms:play-services-measurement:23.2.0] AndroidManifest.xml:38:13-37
255        <service
255-->[com.google.android.gms:play-services-measurement:23.2.0] AndroidManifest.xml:39:9-43:72
256            android:name="com.google.android.gms.measurement.AppMeasurementJobService"
256-->[com.google.android.gms:play-services-measurement:23.2.0] AndroidManifest.xml:40:13-87
257            android:enabled="true"
257-->[com.google.android.gms:play-services-measurement:23.2.0] AndroidManifest.xml:41:13-35
258            android:exported="false"
258-->[com.google.android.gms:play-services-measurement:23.2.0] AndroidManifest.xml:42:13-37
259            android:permission="android.permission.BIND_JOB_SERVICE" />
259-->[com.google.android.gms:play-services-measurement:23.2.0] AndroidManifest.xml:43:13-69
260
261        <uses-library
261-->[androidx.privacysandbox.ads:ads-adservices:1.1.0-beta11] AndroidManifest.xml:23:9-25:40
262            android:name="android.ext.adservices"
262-->[androidx.privacysandbox.ads:ads-adservices:1.1.0-beta11] AndroidManifest.xml:24:13-50
263            android:required="false" />
263-->[androidx.privacysandbox.ads:ads-adservices:1.1.0-beta11] AndroidManifest.xml:25:13-37
264
265        <provider
265-->[androidx.emoji2:emoji2:1.3.0] AndroidManifest.xml:24:9-32:20
266            android:name="androidx.startup.InitializationProvider"
266-->[androidx.emoji2:emoji2:1.3.0] AndroidManifest.xml:25:13-67
267            android:authorities="com.webviewapp.androidx-startup"
267-->[androidx.emoji2:emoji2:1.3.0] AndroidManifest.xml:26:13-68
268            android:exported="false" >
268-->[androidx.emoji2:emoji2:1.3.0] AndroidManifest.xml:27:13-37
269            <meta-data
269-->[androidx.emoji2:emoji2:1.3.0] AndroidManifest.xml:29:13-31:52
270                android:name="androidx.emoji2.text.EmojiCompatInitializer"
270-->[androidx.emoji2:emoji2:1.3.0] AndroidManifest.xml:30:17-75
271                android:value="androidx.startup" />
271-->[androidx.emoji2:emoji2:1.3.0] AndroidManifest.xml:31:17-49
272            <meta-data
272-->[androidx.work:work-runtime:2.7.0] AndroidManifest.xml:36:13-38:52
273                android:name="androidx.work.WorkManagerInitializer"
273-->[androidx.work:work-runtime:2.7.0] AndroidManifest.xml:37:17-68
274                android:value="androidx.startup" />
274-->[androidx.work:work-runtime:2.7.0] AndroidManifest.xml:38:17-49